<?xml version="1.0" encoding="UTF-8"?>
<testsuite name="nl.tudelft.jpacman.npc.ghost.NavigationTest" tests="8" skipped="0" failures="0" errors="0" timestamp="2023-07-16T07:24:58" hostname="arfazhussX.local" time="0.044">
  <properties/>
  <testcase name="testSimplePath()" classname="nl.tudelft.jpacman.npc.ghost.NavigationTest" time="0.013"/>
  <testcase name="testNoTraveller()" classname="nl.tudelft.jpacman.npc.ghost.NavigationTest" time="0.003"/>
  <testcase name="testNoShortestPath()" classname="nl.tudelft.jpacman.npc.ghost.NavigationTest" time="0.002"/>
  <testcase name="testFullSizedLevel()" classname="nl.tudelft.jpacman.npc.ghost.NavigationTest" time="0.011"/>
  <testcase name="testShortestPathEmpty()" classname="nl.tudelft.jpacman.npc.ghost.NavigationTest" time="0.002"/>
  <testcase name="testNoNearestUnit()" classname="nl.tudelft.jpacman.npc.ghost.NavigationTest" time="0.001"/>
  <testcase name="testCornerPath()" classname="nl.tudelft.jpacman.npc.ghost.NavigationTest" time="0.004"/>
  <testcase name="testNearestUnit()" classname="nl.tudelft.jpacman.npc.ghost.NavigationTest" time="0.006"/>
  <system-out><![CDATA[]]></system-out>
  <system-err><![CDATA[]]></system-err>
</testsuite>
